<?xml version="1.0" encoding="UTF-8"?>
<testng-results skipped="0" failed="1" total="4" passed="3">
  <reporter-output>
  </reporter-output>
  <suite name="Default suite" duration-ms="6448" started-at="2020-01-22T10:45:31Z" finished-at="2020-01-22T10:45:37Z">
    <groups>
    </groups>
    <test name="Default test" duration-ms="6448" started-at="2020-01-22T10:45:31Z" finished-at="2020-01-22T10:45:37Z">
      <class name="com.qa.datadriventests.DataDrivenTest_AddNewEmployee">
        <test-method status="PASS" signature="postNewEmployee(java.lang.String, java.lang.String, java.lang.String)[pri:0, instance:com.qa.datadriventests.DataDrivenTest_AddNewEmployee@56f4468b]" name="postNewEmployee" duration-ms="2644" started-at="2020-01-22T16:15:32Z" data-provider="EmployeeDataProvider" finished-at="2020-01-22T16:15:35Z">
          <params>
            <param index="0">
              <value>
                <![CDATA[Monica Geller1]]>
              </value>
            </param>
            <param index="1">
              <value>
                <![CDATA[]]>
              </value>
            </param>
            <param index="2">
              <value>
                <![CDATA[]]>
              </value>
            </param>
          </params>
          <reporter-output>
          </reporter-output>
        </test-method> <!-- postNewEmployee -->
        <test-method status="PASS" signature="postNewEmployee(java.lang.String, java.lang.String, java.lang.String)[pri:0, instance:com.qa.datadriventests.DataDrivenTest_AddNewEmployee@56f4468b]" name="postNewEmployee" duration-ms="911" started-at="2020-01-22T16:15:35Z" data-provider="EmployeeDataProvider" finished-at="2020-01-22T16:15:36Z">
          <params>
            <param index="0">
              <value>
                <![CDATA[Chandler Bing1]]>
              </value>
            </param>
            <param index="1">
              <value>
                <![CDATA[]]>
              </value>
            </param>
            <param index="2">
              <value>
                <![CDATA[]]>
              </value>
            </param>
          </params>
          <reporter-output>
          </reporter-output>
        </test-method> <!-- postNewEmployee -->
        <test-method status="PASS" signature="postNewEmployee(java.lang.String, java.lang.String, java.lang.String)[pri:0, instance:com.qa.datadriventests.DataDrivenTest_AddNewEmployee@56f4468b]" name="postNewEmployee" duration-ms="943" started-at="2020-01-22T16:15:36Z" data-provider="EmployeeDataProvider" finished-at="2020-01-22T16:15:36Z">
          <params>
            <param index="0">
              <value>
                <![CDATA[Joey Tribiani1]]>
              </value>
            </param>
            <param index="1">
              <value>
                <![CDATA[]]>
              </value>
            </param>
            <param index="2">
              <value>
                <![CDATA[]]>
              </value>
            </param>
          </params>
          <reporter-output>
          </reporter-output>
        </test-method> <!-- postNewEmployee -->
        <test-method status="FAIL" signature="postNewEmployee(java.lang.String, java.lang.String, java.lang.String)[pri:0, instance:com.qa.datadriventests.DataDrivenTest_AddNewEmployee@56f4468b]" name="postNewEmployee" duration-ms="1006" started-at="2020-01-22T16:15:36Z" data-provider="EmployeeDataProvider" finished-at="2020-01-22T16:15:37Z">
          <params>
            <param index="0">
              <value is-null="true"/>
            </param>
            <param index="1">
              <value is-null="true"/>
            </param>
            <param index="2">
              <value is-null="true"/>
            </param>
          </params>
          <exception class="java.lang.NullPointerException">
            <full-stacktrace>
              <![CDATA[java.lang.NullPointerException
	at java.lang.String.contains(String.java:2133)
	at com.qa.datadriventests.DataDrivenTest_AddNewEmployee.postNewEmployee(DataDrivenTest_AddNewEmployee.java:49)
	at sun.reflect.NativeMethodAccessorImpl.invoke0(Native Method)
	at sun.reflect.NativeMethodAccessorImpl.invoke(NativeMethodAccessorImpl.java:62)
	at sun.reflect.DelegatingMethodAccessorImpl.invoke(DelegatingMethodAccessorImpl.java:43)
	at java.lang.reflect.Method.invoke(Method.java:498)
	at org.testng.internal.MethodInvocationHelper.invokeMethod(MethodInvocationHelper.java:80)
	at org.testng.internal.Invoker.invokeMethod(Invoker.java:714)
	at org.testng.internal.Invoker.invokeTestMethod(Invoker.java:901)
	at org.testng.internal.Invoker.invokeTestMethods(Invoker.java:1231)
	at org.testng.internal.TestMethodWorker.invokeTestMethods(TestMethodWorker.java:127)
	at org.testng.internal.TestMethodWorker.run(TestMethodWorker.java:111)
	at org.testng.TestRunner.privateRun(TestRunner.java:767)
	at org.testng.TestRunner.run(TestRunner.java:617)
	at org.testng.SuiteRunner.runTest(SuiteRunner.java:334)
	at org.testng.SuiteRunner.runSequentially(SuiteRunner.java:329)
	at org.testng.SuiteRunner.privateRun(SuiteRunner.java:291)
	at org.testng.SuiteRunner.run(SuiteRunner.java:240)
	at org.testng.SuiteRunnerWorker.runSuite(SuiteRunnerWorker.java:52)
	at org.testng.SuiteRunnerWorker.run(SuiteRunnerWorker.java:86)
	at org.testng.TestNG.runSuitesSequentially(TestNG.java:1198)
	at org.testng.TestNG.runSuitesLocally(TestNG.java:1123)
	at org.testng.TestNG.run(TestNG.java:1031)
	at org.testng.remote.AbstractRemoteTestNG.run(AbstractRemoteTestNG.java:132)
	at org.testng.remote.RemoteTestNG.initAndRun(RemoteTestNG.java:230)
	at org.testng.remote.RemoteTestNG.main(RemoteTestNG.java:76)
]]>
            </full-stacktrace>
          </exception> <!-- java.lang.NullPointerException -->
          <reporter-output>
          </reporter-output>
        </test-method> <!-- postNewEmployee -->
      </class> <!-- com.qa.datadriventests.DataDrivenTest_AddNewEmployee -->
    </test> <!-- Default test -->
  </suite> <!-- Default suite -->
</testng-results>
